D:\C++\PROJECT\ATMACC\ATMACC\DEBUG\ACC.OBJ
D:\C++\PROJECT\ATMACC\ATMACC\DEBUG\ATMACC.EXE.EMBED.MANIFEST
D:\C++\PROJECT\ATMACC\ATMACC\DEBUG\ATMACC.EXE.EMBED.MANIFEST.RES
D:\C++\Project\ATMACC\ATMACC\Debug\ATMACC.exe.intermediate.manifest
D:\C++\Project\ATMACC\ATMACC\Debug\ATMACC.vcxprojResolveAssemblyReference.cache
D:\C++\Project\ATMACC\ATMACC\Debug\ATMACC.write.1.tlog
D:\C++\Project\ATMACC\ATMACC\Debug\ATMACC_manifest.rc
D:\C++\PROJECT\ATMACC\ATMACC\DEBUG\ATMICE.OBJ
D:\C++\Project\ATMACC\ATMACC\Debug\cl.command.1.tlog
D:\C++\Project\ATMACC\ATMACC\Debug\CL.read.1.tlog
D:\C++\Project\ATMACC\ATMACC\Debug\CL.write.1.tlog
D:\C++\Project\ATMACC\ATMACC\Debug\link.14572.read.1.tlog
D:\C++\Project\ATMACC\ATMACC\Debug\link.14572.write.1.tlog
D:\C++\Project\ATMACC\ATMACC\Debug\link.14572-cvtres.read.1.tlog
D:\C++\Project\ATMACC\ATMACC\Debug\link.14572-cvtres.write.1.tlog
D:\C++\Project\ATMACC\ATMACC\Debug\link.1768.read.1.tlog
D:\C++\Project\ATMACC\ATMACC\Debug\link.1768.write.1.tlog
D:\C++\Project\ATMACC\ATMACC\Debug\link.1768-cvtres.read.1.tlog
D:\C++\Project\ATMACC\ATMACC\Debug\link.1768-cvtres.write.1.tlog
D:\C++\Project\ATMACC\ATMACC\Debug\link.command.1.tlog
D:\C++\Project\ATMACC\ATMACC\Debug\link.read.1.tlog
D:\C++\Project\ATMACC\ATMACC\Debug\link.write.1.tlog
D:\C++\Project\ATMACC\ATMACC\Debug\link-cvtres.read.1.tlog
D:\C++\Project\ATMACC\ATMACC\Debug\link-cvtres.write.1.tlog
D:\C++\Project\ATMACC\ATMACC\Debug\mt.command.1.tlog
D:\C++\Project\ATMACC\ATMACC\Debug\mt.read.1.tlog
D:\C++\Project\ATMACC\ATMACC\Debug\mt.write.1.tlog
D:\C++\Project\ATMACC\ATMACC\Debug\rc.command.1.tlog
D:\C++\Project\ATMACC\ATMACC\Debug\rc.read.1.tlog
D:\C++\Project\ATMACC\ATMACC\Debug\rc.write.1.tlog
D:\C++\Project\ATMACC\ATMACC\Debug\vc100.idb
D:\C++\PROJECT\ATMACC\ATMACC\DEBUG\VC100.PDB
D:\C++\Project\ATMACC\Debug\ATMACC.exe
D:\C++\Project\ATMACC\Debug\ATMACC.ilk
D:\C++\Project\ATMACC\Debug\ATMACC.pdb
